<?xml version="1.0" encoding="UTF-8"?>
<testsuite name="de.codecentric.LogcreatorApplicationTests" time="0.011" tests="1" errors="0" skipped="0" failures="0">
  <properties>
    <property name="java.runtime.name" value="Java(TM) SE Runtime Environment"/>
    <property name="sun.boot.library.path" value="/Library/Java/JavaVirtualMachines/jdk1.8.0_45.jdk/Contents/Home/jre/lib"/>
    <property name="java.vm.version" value="25.45-b02"/>
    <property name="gopherProxySet" value="false"/>
    <property name="java.vm.vendor" value="Oracle Corporation"/>
    <property name="maven.multiModuleProjectDirectory" value="/Users/thorstendeelmann/data/coding/prelertdemo/logcreator"/>
    <property name="java.vendor.url" value="http://java.oracle.com/"/>
    <property name="path.separator" value=":"/>
    <property name="guice.disable.misplaced.annotation.check" value="true"/>
    <property name="java.vm.name" value="Java HotSpot(TM) 64-Bit Server VM"/>
    <property name="file.encoding.pkg" value="sun.io"/>
    <property name="user.country" value="DE"/>
    <property name="sun.java.launcher" value="SUN_STANDARD"/>
    <property name="sun.os.patch.level" value="unknown"/>
    <property name="java.vm.specification.name" value="Java Virtual Machine Specification"/>
    <property name="user.dir" value="/Users/thorstendeelmann/data/coding/prelertdemo/logcreator"/>
    <property name="java.runtime.version" value="1.8.0_45-b14"/>
    <property name="java.awt.graphicsenv" value="sun.awt.CGraphicsEnvironment"/>
    <property name="java.endorsed.dirs" value="/Library/Java/JavaVirtualMachines/jdk1.8.0_45.jdk/Contents/Home/jre/lib/endorsed"/>
    <property name="os.arch" value="x86_64"/>
    <property name="java.io.tmpdir" value="/var/folders/cl/s5tlfxl97356hns0c7ydqgj80000gn/T/"/>
    <property name="line.separator" value="&#10;"/>
    <property name="java.vm.specification.vendor" value="Oracle Corporation"/>
    <property name="os.name" value="Mac OS X"/>
    <property name="classworlds.conf" value="/usr/local/Cellar/maven/3.3.9/libexec/bin/m2.conf"/>
    <property name="sun.jnu.encoding" value="UTF-8"/>
    <property name="java.library.path" value="/Users/thorstendeelmann/Library/Java/Extensions:/Library/Java/Extensions:/Network/Library/Java/Extensions:/System/Library/Java/Extensions:/usr/lib/java:."/>
    <property name="java.specification.name" value="Java Platform API Specification"/>
    <property name="java.class.version" value="52.0"/>
    <property name="sun.management.compiler" value="HotSpot 64-Bit Tiered Compilers"/>
    <property name="os.version" value="10.11.4"/>
    <property name="http.nonProxyHosts" value="local|*.local|169.254/16|*.169.254/16|10.15.0.0/20|*.10.15.0.0/20|10.14.0.0/16|*.10.14.0.0/16|10.12.0.0/15|*.10.12.0.0/15|10.8.0.0/14|*.10.8.0.0/14|10.0.0.0/13|*.10.0.0.0/13|10.15.20.0/22|*.10.15.20.0/22|10.15.24.0/21|*.10.15.24.0/21|10.15.32.0/19|*.10.15.32.0/19|10.15.64.0/18|*.10.15.64.0/18|10.15.128.0/17|*.10.15.128.0/17|10.16.0.0/12|*.10.16.0.0/12|10.32.0.0/11|*.10.32.0.0/11|10.64.0.0/10|*.10.64.0.0/10|10.128.0.0/9|*.10.128.0.0/9|41.178.5.80/29|*.41.178.5.80/29|164.61.192.0/28|*.164.61.192.0/28|164.61.128.0/18|*.164.61.128.0/18|164.61.0.0/17|*.164.61.0.0/17|164.61.192.17/32|*.164.61.192.17/32|164.61.192.18/31|*.164.61.192.18/31|164.61.192.20/30|*.164.61.192.20/30|164.61.192.24/29|*.164.61.192.24/29|164.61.192.32/27|*.164.61.192.32/27|164.61.192.64/26|*.164.61.192.64/26|164.61.192.128/25|*.164.61.192.128/25|164.61.193.0/24|*.164.61.193.0/24|164.61.194.0/23|*.164.61.194.0/23|164.61.196.0/22|*.164.61.196.0/22|164.61.200.0/21|*.164.61.200.0/21|164.61.208.0/20|*.164.61.208.0/20|164.61.224.0/19|*.164.61.224.0/19|164.139.0.0/18|*.164.139.0.0/18|164.139.88.0/22|*.164.139.88.0/22|164.139.80.0/21|*.164.139.80.0/21|164.139.170.0/24|*.164.139.170.0/24|164.139.192.0/19|*.164.139.192.0/19|164.139.232.128/27|*.164.139.232.128/27|164.139.240.128/27|*.164.139.240.128/27|164.139.252.160/27|*.164.139.252.160/27|172.16.0.0/12|*.172.16.0.0/12|194.31.224.0/24|*.194.31.224.0/24|194.99.160.0/19|*.194.99.160.0/19|194.99.192.0/22|*.194.99.192.0/22|194.99.196.128/27|*.194.99.196.128/27|194.99.200.0/21|*.194.99.200.0/21|194.99.216.0/23|*.194.99.216.0/23|194.99.208.0/21|*.194.99.208.0/21|194.99.219.0/25|*.194.99.219.0/25|194.99.220.0/28|*.194.99.220.0/28|194.99.232.128/26|*.194.99.232.128/26|194.99.236.0/22|*.194.99.236.0/22|194.99.240.192/26|*.194.99.240.192/26|194.99.242.0/23|*.194.99.242.0/23|194.99.245.0/27|*.194.99.245.0/27|194.99.248.0/28|*.194.99.248.0/28|194.99.248.64/28|*.194.99.248.64/28|194.99.248.128/28|*.194.99.248.128/28|194.99.248.192/26|*.194.99.248.192/26|194.99.252.0/22|*.194.99.252.0/22|194.120.192.0/23|*.194.120.192.0/23|194.120.201.0/24|*.194.120.201.0/24|194.120.204.0/22|*.194.120.204.0/22|194.120.217.0/24|*.194.120.217.0/24|194.120.219.0/24|*.194.120.219.0/24|194.120.222.0/24|*.194.120.222.0/24|194.120.220.0/23|*.194.120.220.0/23|194.123.45.0/24|*.194.123.45.0/24|194.156.40.0/22|*.194.156.40.0/22|194.156.32.0/21|*.194.156.32.0/21|194.156.48.0/20|*.194.156.48.0/20|194.209.131.0/27|*.194.209.131.0/27|195.22.240.112/29|*.195.22.240.112/29|195.65.5.192/27|*.195.65.5.192/27|195.101.171.192/28|*.195.101.171.192/28|202.125.143.240/28|*.202.125.143.240/28|210.175.251.104/29|*.210.175.251.104/29|210.175.251.112/28|*.210.175.251.112/28|220.248.5.112/28|*.220.248.5.112/28"/>
    <property name="user.home" value="/Users/thorstendeelmann"/>
    <property name="user.timezone" value="Europe/Berlin"/>
    <property name="java.awt.printerjob" value="sun.lwawt.macosx.CPrinterJob"/>
    <property name="java.specification.version" value="1.8"/>
    <property name="file.encoding" value="UTF-8"/>
    <property name="user.name" value="thorstendeelmann"/>
    <property name="java.class.path" value="/usr/local/Cellar/maven/3.3.9/libexec/boot/plexus-classworlds-2.5.2.jar"/>
    <property name="java.vm.specification.version" value="1.8"/>
    <property name="sun.arch.data.model" value="64"/>
    <property name="java.home" value="/Library/Java/JavaVirtualMachines/jdk1.8.0_45.jdk/Contents/Home/jre"/>
    <property name="sun.java.command" value="org.codehaus.plexus.classworlds.launcher.Launcher clean package docker:build"/>
    <property name="java.specification.vendor" value="Oracle Corporation"/>
    <property name="user.language" value="de"/>
    <property name="awt.toolkit" value="sun.lwawt.macosx.LWCToolkit"/>
    <property name="java.vm.info" value="mixed mode"/>
    <property name="java.version" value="1.8.0_45"/>
    <property name="java.ext.dirs" value="/Users/thorstendeelmann/Library/Java/Extensions:/Library/Java/JavaVirtualMachines/jdk1.8.0_45.jdk/Contents/Home/jre/lib/ext:/Library/Java/Extensions:/Network/Library/Java/Extensions:/System/Library/Java/Extensions:/usr/lib/java"/>
    <property name="sun.boot.class.path" value="/Library/Java/JavaVirtualMachines/jdk1.8.0_45.jdk/Contents/Home/jre/lib/resources.jar:/Library/Java/JavaVirtualMachines/jdk1.8.0_45.jdk/Contents/Home/jre/lib/rt.jar:/Library/Java/JavaVirtualMachines/jdk1.8.0_45.jdk/Contents/Home/jre/lib/sunrsasign.jar:/Library/Java/JavaVirtualMachines/jdk1.8.0_45.jdk/Contents/Home/jre/lib/jsse.jar:/Library/Java/JavaVirtualMachines/jdk1.8.0_45.jdk/Contents/Home/jre/lib/jce.jar:/Library/Java/JavaVirtualMachines/jdk1.8.0_45.jdk/Contents/Home/jre/lib/charsets.jar:/Library/Java/JavaVirtualMachines/jdk1.8.0_45.jdk/Contents/Home/jre/lib/jfr.jar:/Library/Java/JavaVirtualMachines/jdk1.8.0_45.jdk/Contents/Home/jre/classes"/>
    <property name="java.vendor" value="Oracle Corporation"/>
    <property name="maven.home" value="/usr/local/Cellar/maven/3.3.9/libexec"/>
    <property name="file.separator" value="/"/>
    <property name="java.vendor.url.bug" value="http://bugreport.sun.com/bugreport/"/>
    <property name="sun.cpu.endian" value="little"/>
    <property name="sun.io.unicode.encoding" value="UnicodeBig"/>
    <property name="socksNonProxyHosts" value="local|*.local|169.254/16|*.169.254/16|10.15.0.0/20|*.10.15.0.0/20|10.14.0.0/16|*.10.14.0.0/16|10.12.0.0/15|*.10.12.0.0/15|10.8.0.0/14|*.10.8.0.0/14|10.0.0.0/13|*.10.0.0.0/13|10.15.20.0/22|*.10.15.20.0/22|10.15.24.0/21|*.10.15.24.0/21|10.15.32.0/19|*.10.15.32.0/19|10.15.64.0/18|*.10.15.64.0/18|10.15.128.0/17|*.10.15.128.0/17|10.16.0.0/12|*.10.16.0.0/12|10.32.0.0/11|*.10.32.0.0/11|10.64.0.0/10|*.10.64.0.0/10|10.128.0.0/9|*.10.128.0.0/9|41.178.5.80/29|*.41.178.5.80/29|164.61.192.0/28|*.164.61.192.0/28|164.61.128.0/18|*.164.61.128.0/18|164.61.0.0/17|*.164.61.0.0/17|164.61.192.17/32|*.164.61.192.17/32|164.61.192.18/31|*.164.61.192.18/31|164.61.192.20/30|*.164.61.192.20/30|164.61.192.24/29|*.164.61.192.24/29|164.61.192.32/27|*.164.61.192.32/27|164.61.192.64/26|*.164.61.192.64/26|164.61.192.128/25|*.164.61.192.128/25|164.61.193.0/24|*.164.61.193.0/24|164.61.194.0/23|*.164.61.194.0/23|164.61.196.0/22|*.164.61.196.0/22|164.61.200.0/21|*.164.61.200.0/21|164.61.208.0/20|*.164.61.208.0/20|164.61.224.0/19|*.164.61.224.0/19|164.139.0.0/18|*.164.139.0.0/18|164.139.88.0/22|*.164.139.88.0/22|164.139.80.0/21|*.164.139.80.0/21|164.139.170.0/24|*.164.139.170.0/24|164.139.192.0/19|*.164.139.192.0/19|164.139.232.128/27|*.164.139.232.128/27|164.139.240.128/27|*.164.139.240.128/27|164.139.252.160/27|*.164.139.252.160/27|172.16.0.0/12|*.172.16.0.0/12|194.31.224.0/24|*.194.31.224.0/24|194.99.160.0/19|*.194.99.160.0/19|194.99.192.0/22|*.194.99.192.0/22|194.99.196.128/27|*.194.99.196.128/27|194.99.200.0/21|*.194.99.200.0/21|194.99.216.0/23|*.194.99.216.0/23|194.99.208.0/21|*.194.99.208.0/21|194.99.219.0/25|*.194.99.219.0/25|194.99.220.0/28|*.194.99.220.0/28|194.99.232.128/26|*.194.99.232.128/26|194.99.236.0/22|*.194.99.236.0/22|194.99.240.192/26|*.194.99.240.192/26|194.99.242.0/23|*.194.99.242.0/23|194.99.245.0/27|*.194.99.245.0/27|194.99.248.0/28|*.194.99.248.0/28|194.99.248.64/28|*.194.99.248.64/28|194.99.248.128/28|*.194.99.248.128/28|194.99.248.192/26|*.194.99.248.192/26|194.99.252.0/22|*.194.99.252.0/22|194.120.192.0/23|*.194.120.192.0/23|194.120.201.0/24|*.194.120.201.0/24|194.120.204.0/22|*.194.120.204.0/22|194.120.217.0/24|*.194.120.217.0/24|194.120.219.0/24|*.194.120.219.0/24|194.120.222.0/24|*.194.120.222.0/24|194.120.220.0/23|*.194.120.220.0/23|194.123.45.0/24|*.194.123.45.0/24|194.156.40.0/22|*.194.156.40.0/22|194.156.32.0/21|*.194.156.32.0/21|194.156.48.0/20|*.194.156.48.0/20|194.209.131.0/27|*.194.209.131.0/27|195.22.240.112/29|*.195.22.240.112/29|195.65.5.192/27|*.195.65.5.192/27|195.101.171.192/28|*.195.101.171.192/28|202.125.143.240/28|*.202.125.143.240/28|210.175.251.104/29|*.210.175.251.104/29|210.175.251.112/28|*.210.175.251.112/28|220.248.5.112/28|*.220.248.5.112/28"/>
    <property name="ftp.nonProxyHosts" value="local|*.local|169.254/16|*.169.254/16|10.15.0.0/20|*.10.15.0.0/20|10.14.0.0/16|*.10.14.0.0/16|10.12.0.0/15|*.10.12.0.0/15|10.8.0.0/14|*.10.8.0.0/14|10.0.0.0/13|*.10.0.0.0/13|10.15.20.0/22|*.10.15.20.0/22|10.15.24.0/21|*.10.15.24.0/21|10.15.32.0/19|*.10.15.32.0/19|10.15.64.0/18|*.10.15.64.0/18|10.15.128.0/17|*.10.15.128.0/17|10.16.0.0/12|*.10.16.0.0/12|10.32.0.0/11|*.10.32.0.0/11|10.64.0.0/10|*.10.64.0.0/10|10.128.0.0/9|*.10.128.0.0/9|41.178.5.80/29|*.41.178.5.80/29|164.61.192.0/28|*.164.61.192.0/28|164.61.128.0/18|*.164.61.128.0/18|164.61.0.0/17|*.164.61.0.0/17|164.61.192.17/32|*.164.61.192.17/32|164.61.192.18/31|*.164.61.192.18/31|164.61.192.20/30|*.164.61.192.20/30|164.61.192.24/29|*.164.61.192.24/29|164.61.192.32/27|*.164.61.192.32/27|164.61.192.64/26|*.164.61.192.64/26|164.61.192.128/25|*.164.61.192.128/25|164.61.193.0/24|*.164.61.193.0/24|164.61.194.0/23|*.164.61.194.0/23|164.61.196.0/22|*.164.61.196.0/22|164.61.200.0/21|*.164.61.200.0/21|164.61.208.0/20|*.164.61.208.0/20|164.61.224.0/19|*.164.61.224.0/19|164.139.0.0/18|*.164.139.0.0/18|164.139.88.0/22|*.164.139.88.0/22|164.139.80.0/21|*.164.139.80.0/21|164.139.170.0/24|*.164.139.170.0/24|164.139.192.0/19|*.164.139.192.0/19|164.139.232.128/27|*.164.139.232.128/27|164.139.240.128/27|*.164.139.240.128/27|164.139.252.160/27|*.164.139.252.160/27|172.16.0.0/12|*.172.16.0.0/12|194.31.224.0/24|*.194.31.224.0/24|194.99.160.0/19|*.194.99.160.0/19|194.99.192.0/22|*.194.99.192.0/22|194.99.196.128/27|*.194.99.196.128/27|194.99.200.0/21|*.194.99.200.0/21|194.99.216.0/23|*.194.99.216.0/23|194.99.208.0/21|*.194.99.208.0/21|194.99.219.0/25|*.194.99.219.0/25|194.99.220.0/28|*.194.99.220.0/28|194.99.232.128/26|*.194.99.232.128/26|194.99.236.0/22|*.194.99.236.0/22|194.99.240.192/26|*.194.99.240.192/26|194.99.242.0/23|*.194.99.242.0/23|194.99.245.0/27|*.194.99.245.0/27|194.99.248.0/28|*.194.99.248.0/28|194.99.248.64/28|*.194.99.248.64/28|194.99.248.128/28|*.194.99.248.128/28|194.99.248.192/26|*.194.99.248.192/26|194.99.252.0/22|*.194.99.252.0/22|194.120.192.0/23|*.194.120.192.0/23|194.120.201.0/24|*.194.120.201.0/24|194.120.204.0/22|*.194.120.204.0/22|194.120.217.0/24|*.194.120.217.0/24|194.120.219.0/24|*.194.120.219.0/24|194.120.222.0/24|*.194.120.222.0/24|194.120.220.0/23|*.194.120.220.0/23|194.123.45.0/24|*.194.123.45.0/24|194.156.40.0/22|*.194.156.40.0/22|194.156.32.0/21|*.194.156.32.0/21|194.156.48.0/20|*.194.156.48.0/20|194.209.131.0/27|*.194.209.131.0/27|195.22.240.112/29|*.195.22.240.112/29|195.65.5.192/27|*.195.65.5.192/27|195.101.171.192/28|*.195.101.171.192/28|202.125.143.240/28|*.202.125.143.240/28|210.175.251.104/29|*.210.175.251.104/29|210.175.251.112/28|*.210.175.251.112/28|220.248.5.112/28|*.220.248.5.112/28"/>
    <property name="sun.cpu.isalist" value=""/>
  </properties>
  <testcase name="contextLoads" classname="de.codecentric.LogcreatorApplicationTests" time="0.011"/>
</testsuite>